<?xml version="1.0" encoding="UTF-8"?>
<coverage generated="1518168311408" clover="3.2.0">
  <project timestamp="1518168311409" name="All files">
    <metrics statements="103" coveredstatements="87" conditionals="26" coveredconditionals="17" methods="34" coveredmethods="25" elements="163" coveredelements="129" complexity="0" loc="103" ncloc="103" packages="3" files="5" classes="5">
      <package name="lib">
        <metrics statements="53" coveredstatements="48" conditionals="18" coveredconditionals="11" methods="9" coveredmethods="8"/>
        <file name="basic-auth-middleware.js" path="/home/montgomeryrd/codefellows/lab-richard/16-basic-auth/lab-richard/lib/basic-auth-middleware.js">
          <metrics statements="15" coveredstatements="15" conditionals="8" coveredconditionals="8" methods="1" coveredmethods="1"/>
          <line num="3" count="2" type="stmt"/>
          <line num="5" count="2" type="stmt"/>
          <line num="6" count="14" type="stmt"/>
          <line num="7" count="14" type="cond" truecount="2" falsecount="0"/>
          <line num="8" count="2" type="stmt"/>
          <line num="10" count="12" type="stmt"/>
          <line num="11" count="12" type="cond" truecount="2" falsecount="0"/>
          <line num="12" count="2" type="stmt"/>
          <line num="14" count="10" type="stmt"/>
          <line num="15" count="10" type="stmt"/>
          <line num="17" count="10" type="cond" truecount="2" falsecount="0"/>
          <line num="18" count="2" type="stmt"/>
          <line num="19" count="8" type="cond" truecount="2" falsecount="0"/>
          <line num="20" count="2" type="stmt"/>
          <line num="22" count="6" type="stmt"/>
        </file>
        <file name="error-handler.js" path="/home/montgomeryrd/codefellows/lab-richard/16-basic-auth/lab-richard/lib/error-handler.js">
          <metrics statements="9" coveredstatements="4" conditionals="6" coveredconditionals="1" methods="1" coveredmethods="1"/>
          <line num="3" count="2" type="stmt"/>
          <line num="4" count="12" type="stmt"/>
          <line num="6" count="12" type="cond" truecount="1" falsecount="5"/>
          <line num="7" count="0" type="stmt"/>
          <line num="8" count="12" type="stmt"/>
          <line num="9" count="0" type="stmt"/>
          <line num="10" count="0" type="stmt"/>
          <line num="11" count="0" type="stmt"/>
          <line num="12" count="0" type="stmt"/>
        </file>
        <file name="server.js" path="/home/montgomeryrd/codefellows/lab-richard/16-basic-auth/lab-richard/lib/server.js">
          <metrics statements="29" coveredstatements="29" conditionals="4" coveredconditionals="2" methods="7" coveredmethods="6"/>
          <line num="4" count="2" type="stmt"/>
          <line num="5" count="2" type="stmt"/>
          <line num="6" count="2" type="stmt"/>
          <line num="7" count="2" type="stmt"/>
          <line num="8" count="2" type="stmt"/>
          <line num="11" count="2" type="stmt"/>
          <line num="12" count="2" type="stmt"/>
          <line num="13" count="2" type="stmt"/>
          <line num="14" count="2" type="stmt"/>
          <line num="17" count="2" type="stmt"/>
          <line num="18" count="2" type="stmt"/>
          <line num="19" count="2" type="stmt"/>
          <line num="20" count="2" type="stmt"/>
          <line num="23" count="2" type="stmt"/>
          <line num="24" count="2" type="stmt"/>
          <line num="25" count="2" type="stmt"/>
          <line num="26" count="2" type="cond" truecount="1" falsecount="1"/>
          <line num="27" count="2" type="stmt"/>
          <line num="28" count="2" type="stmt"/>
          <line num="29" count="2" type="stmt"/>
          <line num="30" count="2" type="stmt"/>
          <line num="31" count="2" type="stmt"/>
          <line num="36" count="2" type="stmt"/>
          <line num="37" count="2" type="stmt"/>
          <line num="38" count="2" type="cond" truecount="1" falsecount="1"/>
          <line num="39" count="2" type="stmt"/>
          <line num="40" count="2" type="stmt"/>
          <line num="41" count="2" type="stmt"/>
          <line num="42" count="2" type="stmt"/>
        </file>
      </package>
      <package name="model">
        <metrics statements="27" coveredstatements="24" conditionals="6" coveredconditionals="4" methods="13" coveredmethods="10"/>
        <file name="auth.js" path="/home/montgomeryrd/codefellows/lab-richard/16-basic-auth/lab-richard/model/auth.js">
          <metrics statements="27" coveredstatements="24" conditionals="6" coveredconditionals="4" methods="13" coveredmethods="10"/>
          <line num="3" count="2" type="stmt"/>
          <line num="4" count="2" type="stmt"/>
          <line num="5" count="2" type="stmt"/>
          <line num="6" count="2" type="stmt"/>
          <line num="8" count="2" type="stmt"/>
          <line num="15" count="2" type="stmt"/>
          <line num="16" count="2" type="cond" truecount="1" falsecount="1"/>
          <line num="18" count="2" type="stmt"/>
          <line num="19" count="2" type="stmt"/>
          <line num="20" count="2" type="stmt"/>
          <line num="21" count="0" type="stmt"/>
          <line num="24" count="2" type="stmt"/>
          <line num="25" count="4" type="stmt"/>
          <line num="26" count="4" type="stmt"/>
          <line num="27" count="4" type="cond" truecount="1" falsecount="1"/>
          <line num="28" count="4" type="cond" truecount="2" falsecount="0"/>
          <line num="29" count="2" type="stmt"/>
          <line num="34" count="2" type="stmt"/>
          <line num="35" count="4" type="stmt"/>
          <line num="36" count="4" type="stmt"/>
          <line num="37" count="4" type="stmt"/>
          <line num="38" count="0" type="stmt"/>
          <line num="41" count="2" type="stmt"/>
          <line num="42" count="4" type="stmt"/>
          <line num="44" count="4" type="stmt"/>
          <line num="46" count="0" type="stmt"/>
          <line num="49" count="2" type="stmt"/>
        </file>
      </package>
      <package name="route">
        <metrics statements="23" coveredstatements="15" conditionals="2" coveredconditionals="2" methods="12" coveredmethods="7"/>
        <file name="route-auth.js" path="/home/montgomeryrd/codefellows/lab-richard/16-basic-auth/lab-richard/route/route-auth.js">
          <metrics statements="23" coveredstatements="15" conditionals="2" coveredconditionals="2" methods="12" coveredmethods="7"/>
          <line num="3" count="2" type="stmt"/>
          <line num="4" count="2" type="stmt"/>
          <line num="5" count="2" type="stmt"/>
          <line num="6" count="2" type="stmt"/>
          <line num="8" count="2" type="stmt"/>
          <line num="9" count="2" type="stmt"/>
          <line num="10" count="0" type="stmt"/>
          <line num="11" count="0" type="stmt"/>
          <line num="13" count="0" type="stmt"/>
          <line num="15" count="0" type="stmt"/>
          <line num="16" count="0" type="stmt"/>
          <line num="17" count="0" type="stmt"/>
          <line num="22" count="0" type="stmt"/>
          <line num="23" count="0" type="stmt"/>
          <line num="26" count="2" type="stmt"/>
          <line num="27" count="6" type="stmt"/>
          <line num="29" count="6" type="cond" truecount="2" falsecount="0"/>
          <line num="34" count="2" type="stmt"/>
          <line num="35" count="2" type="stmt"/>
          <line num="36" count="2" type="stmt"/>
          <line num="38" count="2" type="stmt"/>
          <line num="39" count="2" type="stmt"/>
          <line num="40" count="4" type="stmt"/>
        </file>
      </package>
    </metrics>
  </project>
</coverage>
