{"/home/montgomeryrd/codefellows/lab-richard/16-basic-auth/lab-richard/lib/basic-auth-middleware.js": {"path":"/home/montgomeryrd/codefellows/lab-richard/16-basic-auth/lab-richard/lib/basic-auth-middleware.js","statementMap":{"0":{"start":{"line":3,"column":21},"end":{"line":3,"column":47}},"1":{"start":{"line":5,"column":0},"end":{"line":23,"column":2}},"2":{"start":{"line":6,"column":22},"end":{"line":6,"column":47}},"3":{"start":{"line":7,"column":4},"end":{"line":8,"column":104}},"4":{"start":{"line":8,"column":8},"end":{"line":8,"column":104}},"5":{"start":{"line":10,"column":17},"end":{"line":10,"column":47}},"6":{"start":{"line":11,"column":4},"end":{"line":12,"column":101}},"7":{"start":{"line":12,"column":8},"end":{"line":12,"column":101}},"8":{"start":{"line":14,"column":31},"end":{"line":14,"column":82}},"9":{"start":{"line":15,"column":4},"end":{"line":15,"column":36}},"10":{"start":{"line":17,"column":4},"end":{"line":18,"column":88}},"11":{"start":{"line":18,"column":8},"end":{"line":18,"column":88}},"12":{"start":{"line":19,"column":4},"end":{"line":20,"column":88}},"13":{"start":{"line":20,"column":8},"end":{"line":20,"column":88}},"14":{"start":{"line":22,"column":4},"end":{"line":22,"column":11}}},"fnMap":{"0":{"name":"(anonymous_0)","decl":{"start":{"line":5,"column":17},"end":{"line":5,"column":18}},"loc":{"start":{"line":5,"column":42},"end":{"line":23,"column":1}},"line":5}},"branchMap":{"0":{"loc":{"start":{"line":7,"column":4},"end":{"line":8,"column":104}},"type":"if","locations":[{"start":{"line":7,"column":4},"end":{"line":8,"column":104}},{"start":{"line":7,"column":4},"end":{"line":8,"column":104}}],"line":7},"1":{"loc":{"start":{"line":11,"column":4},"end":{"line":12,"column":101}},"type":"if","locations":[{"start":{"line":11,"column":4},"end":{"line":12,"column":101}},{"start":{"line":11,"column":4},"end":{"line":12,"column":101}}],"line":11},"2":{"loc":{"start":{"line":17,"column":4},"end":{"line":18,"column":88}},"type":"if","locations":[{"start":{"line":17,"column":4},"end":{"line":18,"column":88}},{"start":{"line":17,"column":4},"end":{"line":18,"column":88}}],"line":17},"3":{"loc":{"start":{"line":19,"column":4},"end":{"line":20,"column":88}},"type":"if","locations":[{"start":{"line":19,"column":4},"end":{"line":20,"column":88}},{"start":{"line":19,"column":4},"end":{"line":20,"column":88}}],"line":19}},"s":{"0":2,"1":2,"2":2,"3":2,"4":0,"5":2,"6":2,"7":0,"8":2,"9":2,"10":2,"11":2,"12":0,"13":0,"14":0},"f":{"0":2},"b":{"0":[0,2],"1":[0,2],"2":[2,0],"3":[0,0]},"_coverageSchema":"332fd63041d2c1bcb487cc26dd0d5f7d97098a6c","hash":"5969bf6f68953ee8da117aee9f7fdba1cbed8696"}
,"/home/montgomeryrd/codefellows/lab-richard/16-basic-auth/lab-richard/lib/error-handler.js": {"path":"/home/montgomeryrd/codefellows/lab-richard/16-basic-auth/lab-richard/lib/error-handler.js","statementMap":{"0":{"start":{"line":3,"column":0},"end":{"line":14,"column":2}},"1":{"start":{"line":4,"column":14},"end":{"line":4,"column":39}},"2":{"start":{"line":6,"column":4},"end":{"line":13,"column":5}},"3":{"start":{"line":7,"column":37},"end":{"line":7,"column":96}},"4":{"start":{"line":8,"column":40},"end":{"line":8,"column":99}},"5":{"start":{"line":9,"column":37},"end":{"line":9,"column":96}},"6":{"start":{"line":10,"column":42},"end":{"line":10,"column":101}},"7":{"start":{"line":11,"column":40},"end":{"line":11,"column":99}},"8":{"start":{"line":12,"column":13},"end":{"line":12,"column":72}}},"fnMap":{"0":{"name":"(anonymous_0)","decl":{"start":{"line":3,"column":17},"end":{"line":3,"column":18}},"loc":{"start":{"line":3,"column":35},"end":{"line":14,"column":1}},"line":3}},"branchMap":{"0":{"loc":{"start":{"line":6,"column":4},"end":{"line":13,"column":5}},"type":"switch","locations":[{"start":{"line":7,"column":4},"end":{"line":7,"column":96}},{"start":{"line":8,"column":4},"end":{"line":8,"column":99}},{"start":{"line":9,"column":4},"end":{"line":9,"column":96}},{"start":{"line":10,"column":4},"end":{"line":10,"column":101}},{"start":{"line":11,"column":4},"end":{"line":11,"column":99}},{"start":{"line":12,"column":4},"end":{"line":12,"column":72}}],"line":6}},"s":{"0":2,"1":2,"2":2,"3":0,"4":2,"5":0,"6":0,"7":0,"8":0},"f":{"0":2},"b":{"0":[0,2,0,0,0,0]},"_coverageSchema":"332fd63041d2c1bcb487cc26dd0d5f7d97098a6c","hash":"c89ee2787d0bd0ca7cd19f97db10e240257d8ef0"}
,"/home/montgomeryrd/codefellows/lab-richard/16-basic-auth/lab-richard/lib/server.js": {"path":"/home/montgomeryrd/codefellows/lab-richard/16-basic-auth/lab-richard/lib/server.js","statementMap":{"0":{"start":{"line":4,"column":13},"end":{"line":4,"column":28}},"1":{"start":{"line":5,"column":16},"end":{"line":5,"column":34}},"2":{"start":{"line":6,"column":17},"end":{"line":6,"column":36}},"3":{"start":{"line":7,"column":21},"end":{"line":7,"column":47}},"4":{"start":{"line":8,"column":0},"end":{"line":8,"column":27}},"5":{"start":{"line":11,"column":12},"end":{"line":11,"column":21}},"6":{"start":{"line":12,"column":13},"end":{"line":12,"column":29}},"7":{"start":{"line":13,"column":15},"end":{"line":13,"column":31}},"8":{"start":{"line":14,"column":20},"end":{"line":14,"column":43}},"9":{"start":{"line":17,"column":0},"end":{"line":17,"column":16}},"10":{"start":{"line":18,"column":0},"end":{"line":18,"column":27}},"11":{"start":{"line":19,"column":0},"end":{"line":19,"column":39}},"12":{"start":{"line":20,"column":0},"end":{"line":20,"column":92}},"13":{"start":{"line":20,"column":31},"end":{"line":20,"column":90}},"14":{"start":{"line":23,"column":15},"end":{"line":23,"column":34}},"15":{"start":{"line":24,"column":0},"end":{"line":34,"column":2}},"16":{"start":{"line":25,"column":4},"end":{"line":33,"column":7}},"17":{"start":{"line":26,"column":8},"end":{"line":26,"column":102}},"18":{"start":{"line":26,"column":24},"end":{"line":26,"column":102}},"19":{"start":{"line":27,"column":8},"end":{"line":32,"column":11}},"20":{"start":{"line":28,"column":12},"end":{"line":28,"column":53}},"21":{"start":{"line":29,"column":12},"end":{"line":29,"column":31}},"22":{"start":{"line":30,"column":12},"end":{"line":30,"column":42}},"23":{"start":{"line":31,"column":12},"end":{"line":31,"column":35}},"24":{"start":{"line":36,"column":0},"end":{"line":45,"column":2}},"25":{"start":{"line":37,"column":4},"end":{"line":44,"column":7}},"26":{"start":{"line":38,"column":8},"end":{"line":38,"column":98}},"27":{"start":{"line":38,"column":25},"end":{"line":38,"column":98}},"28":{"start":{"line":39,"column":8},"end":{"line":43,"column":11}},"29":{"start":{"line":40,"column":12},"end":{"line":40,"column":32}},"30":{"start":{"line":41,"column":12},"end":{"line":41,"column":34}},"31":{"start":{"line":42,"column":12},"end":{"line":42,"column":29}}},"fnMap":{"0":{"name":"(anonymous_0)","decl":{"start":{"line":20,"column":17},"end":{"line":20,"column":18}},"loc":{"start":{"line":20,"column":31},"end":{"line":20,"column":90}},"line":20},"1":{"name":"(anonymous_1)","decl":{"start":{"line":24,"column":15},"end":{"line":24,"column":16}},"loc":{"start":{"line":24,"column":21},"end":{"line":34,"column":1}},"line":24},"2":{"name":"(anonymous_2)","decl":{"start":{"line":25,"column":23},"end":{"line":25,"column":24}},"loc":{"start":{"line":25,"column":44},"end":{"line":33,"column":5}},"line":25},"3":{"name":"(anonymous_3)","decl":{"start":{"line":27,"column":39},"end":{"line":27,"column":40}},"loc":{"start":{"line":27,"column":45},"end":{"line":32,"column":9}},"line":27},"4":{"name":"(anonymous_4)","decl":{"start":{"line":36,"column":14},"end":{"line":36,"column":15}},"loc":{"start":{"line":36,"column":20},"end":{"line":45,"column":1}},"line":36},"5":{"name":"(anonymous_5)","decl":{"start":{"line":37,"column":23},"end":{"line":37,"column":24}},"loc":{"start":{"line":37,"column":44},"end":{"line":44,"column":5}},"line":37},"6":{"name":"(anonymous_6)","decl":{"start":{"line":39,"column":26},"end":{"line":39,"column":27}},"loc":{"start":{"line":39,"column":32},"end":{"line":43,"column":9}},"line":39}},"branchMap":{"0":{"loc":{"start":{"line":26,"column":8},"end":{"line":26,"column":102}},"type":"if","locations":[{"start":{"line":26,"column":8},"end":{"line":26,"column":102}},{"start":{"line":26,"column":8},"end":{"line":26,"column":102}}],"line":26},"1":{"loc":{"start":{"line":38,"column":8},"end":{"line":38,"column":98}},"type":"if","locations":[{"start":{"line":38,"column":8},"end":{"line":38,"column":98}},{"start":{"line":38,"column":8},"end":{"line":38,"column":98}}],"line":38}},"s":{"0":2,"1":2,"2":2,"3":2,"4":2,"5":2,"6":2,"7":2,"8":2,"9":2,"10":2,"11":2,"12":2,"13":0,"14":2,"15":2,"16":2,"17":2,"18":0,"19":2,"20":2,"21":2,"22":2,"23":2,"24":2,"25":2,"26":2,"27":0,"28":2,"29":2,"30":2,"31":2},"f":{"0":0,"1":2,"2":2,"3":2,"4":2,"5":2,"6":2},"b":{"0":[0,2],"1":[0,2]},"_coverageSchema":"332fd63041d2c1bcb487cc26dd0d5f7d97098a6c","hash":"ef9713a5799de103c021d059648df8b794e39ef9"}
,"/home/montgomeryrd/codefellows/lab-richard/16-basic-auth/lab-richard/model/auth.js": {"path":"/home/montgomeryrd/codefellows/lab-richard/16-basic-auth/lab-richard/model/auth.js","statementMap":{"0":{"start":{"line":3,"column":12},"end":{"line":3,"column":35}},"1":{"start":{"line":4,"column":17},"end":{"line":4,"column":36}},"2":{"start":{"line":5,"column":15},"end":{"line":5,"column":32}},"3":{"start":{"line":6,"column":15},"end":{"line":6,"column":34}},"4":{"start":{"line":8,"column":13},"end":{"line":13,"column":22}},"5":{"start":{"line":15,"column":0},"end":{"line":22,"column":2}},"6":{"start":{"line":16,"column":4},"end":{"line":16,"column":95}},"7":{"start":{"line":16,"column":18},"end":{"line":16,"column":95}},"8":{"start":{"line":18,"column":4},"end":{"line":21,"column":27}},"9":{"start":{"line":19,"column":22},"end":{"line":19,"column":42}},"10":{"start":{"line":20,"column":20},"end":{"line":20,"column":24}},"11":{"start":{"line":21,"column":22},"end":{"line":21,"column":25}},"12":{"start":{"line":24,"column":0},"end":{"line":32,"column":2}},"13":{"start":{"line":25,"column":4},"end":{"line":31,"column":7}},"14":{"start":{"line":26,"column":8},"end":{"line":30,"column":11}},"15":{"start":{"line":27,"column":12},"end":{"line":27,"column":39}},"16":{"start":{"line":27,"column":20},"end":{"line":27,"column":39}},"17":{"start":{"line":28,"column":12},"end":{"line":28,"column":94}},"18":{"start":{"line":28,"column":23},"end":{"line":28,"column":94}},"19":{"start":{"line":29,"column":12},"end":{"line":29,"column":26}},"20":{"start":{"line":34,"column":0},"end":{"line":40,"column":2}},"21":{"start":{"line":35,"column":4},"end":{"line":35,"column":62}},"22":{"start":{"line":36,"column":4},"end":{"line":38,"column":30}},"23":{"start":{"line":37,"column":20},"end":{"line":37,"column":53}},"24":{"start":{"line":42,"column":0},"end":{"line":48,"column":2}},"25":{"start":{"line":43,"column":4},"end":{"line":47,"column":27}},"26":{"start":{"line":45,"column":12},"end":{"line":45,"column":73}},"27":{"start":{"line":47,"column":22},"end":{"line":47,"column":25}},"28":{"start":{"line":50,"column":0},"end":{"line":50,"column":46}}},"fnMap":{"0":{"name":"(anonymous_0)","decl":{"start":{"line":15,"column":36},"end":{"line":15,"column":37}},"loc":{"start":{"line":15,"column":55},"end":{"line":22,"column":1}},"line":15},"1":{"name":"(anonymous_1)","decl":{"start":{"line":19,"column":14},"end":{"line":19,"column":15}},"loc":{"start":{"line":19,"column":22},"end":{"line":19,"column":42}},"line":19},"2":{"name":"(anonymous_2)","decl":{"start":{"line":20,"column":14},"end":{"line":20,"column":15}},"loc":{"start":{"line":20,"column":20},"end":{"line":20,"column":24}},"line":20},"3":{"name":"(anonymous_3)","decl":{"start":{"line":21,"column":15},"end":{"line":21,"column":16}},"loc":{"start":{"line":21,"column":22},"end":{"line":21,"column":25}},"line":21},"4":{"name":"(anonymous_4)","decl":{"start":{"line":24,"column":35},"end":{"line":24,"column":36}},"loc":{"start":{"line":24,"column":54},"end":{"line":32,"column":1}},"line":24},"5":{"name":"(anonymous_5)","decl":{"start":{"line":25,"column":23},"end":{"line":25,"column":24}},"loc":{"start":{"line":25,"column":44},"end":{"line":31,"column":5}},"line":25},"6":{"name":"(anonymous_6)","decl":{"start":{"line":26,"column":48},"end":{"line":26,"column":49}},"loc":{"start":{"line":26,"column":64},"end":{"line":30,"column":9}},"line":26},"7":{"name":"(anonymous_7)","decl":{"start":{"line":34,"column":35},"end":{"line":34,"column":36}},"loc":{"start":{"line":34,"column":46},"end":{"line":40,"column":1}},"line":34},"8":{"name":"(anonymous_8)","decl":{"start":{"line":37,"column":14},"end":{"line":37,"column":15}},"loc":{"start":{"line":37,"column":20},"end":{"line":37,"column":53}},"line":37},"9":{"name":"(anonymous_9)","decl":{"start":{"line":42,"column":29},"end":{"line":42,"column":30}},"loc":{"start":{"line":42,"column":41},"end":{"line":48,"column":1}},"line":42},"10":{"name":"(anonymous_10)","decl":{"start":{"line":44,"column":14},"end":{"line":44,"column":15}},"loc":{"start":{"line":44,"column":29},"end":{"line":46,"column":9}},"line":44},"11":{"name":"(anonymous_11)","decl":{"start":{"line":47,"column":15},"end":{"line":47,"column":16}},"loc":{"start":{"line":47,"column":22},"end":{"line":47,"column":25}},"line":47}},"branchMap":{"0":{"loc":{"start":{"line":16,"column":4},"end":{"line":16,"column":95}},"type":"if","locations":[{"start":{"line":16,"column":4},"end":{"line":16,"column":95}},{"start":{"line":16,"column":4},"end":{"line":16,"column":95}}],"line":16},"1":{"loc":{"start":{"line":27,"column":12},"end":{"line":27,"column":39}},"type":"if","locations":[{"start":{"line":27,"column":12},"end":{"line":27,"column":39}},{"start":{"line":27,"column":12},"end":{"line":27,"column":39}}],"line":27},"2":{"loc":{"start":{"line":28,"column":12},"end":{"line":28,"column":94}},"type":"if","locations":[{"start":{"line":28,"column":12},"end":{"line":28,"column":94}},{"start":{"line":28,"column":12},"end":{"line":28,"column":94}}],"line":28}},"s":{"0":2,"1":2,"2":2,"3":2,"4":2,"5":2,"6":2,"7":0,"8":2,"9":2,"10":2,"11":0,"12":2,"13":0,"14":0,"15":0,"16":0,"17":0,"18":0,"19":0,"20":2,"21":2,"22":0,"23":0,"24":2,"25":2,"26":0,"27":0,"28":2},"f":{"0":2,"1":2,"2":2,"3":0,"4":0,"5":0,"6":0,"7":2,"8":0,"9":2,"10":0,"11":0},"b":{"0":[0,2],"1":[0,0],"2":[0,0]},"_coverageSchema":"332fd63041d2c1bcb487cc26dd0d5f7d97098a6c","hash":"ab3e15d3bbd0e61abb78a9cf83c7a8622e3b5606"}
,"/home/montgomeryrd/codefellows/lab-richard/16-basic-auth/lab-richard/route/route-auth.js": {"path":"/home/montgomeryrd/codefellows/lab-richard/16-basic-auth/lab-richard/route/route-auth.js","statementMap":{"0":{"start":{"line":3,"column":13},"end":{"line":3,"column":37}},"1":{"start":{"line":4,"column":19},"end":{"line":4,"column":48}},"2":{"start":{"line":5,"column":21},"end":{"line":5,"column":52}},"3":{"start":{"line":6,"column":18},"end":{"line":6,"column":57}},"4":{"start":{"line":8,"column":0},"end":{"line":42,"column":2}},"5":{"start":{"line":9,"column":4},"end":{"line":24,"column":7}},"6":{"start":{"line":10,"column":17},"end":{"line":10,"column":34}},"7":{"start":{"line":11,"column":8},"end":{"line":11,"column":33}},"8":{"start":{"line":13,"column":19},"end":{"line":13,"column":37}},"9":{"start":{"line":15,"column":8},"end":{"line":23,"column":50}},"10":{"start":{"line":16,"column":29},"end":{"line":16,"column":43}},"11":{"start":{"line":17,"column":29},"end":{"line":17,"column":52}},"12":{"start":{"line":22,"column":27},"end":{"line":22,"column":54}},"13":{"start":{"line":23,"column":26},"end":{"line":23,"column":48}},"14":{"start":{"line":26,"column":4},"end":{"line":41,"column":7}},"15":{"start":{"line":27,"column":8},"end":{"line":40,"column":50}},"16":{"start":{"line":29,"column":16},"end":{"line":31,"column":88}},"17":{"start":{"line":34,"column":16},"end":{"line":34,"column":49}},"18":{"start":{"line":35,"column":16},"end":{"line":35,"column":41}},"19":{"start":{"line":36,"column":16},"end":{"line":36,"column":28}},"20":{"start":{"line":38,"column":26},"end":{"line":38,"column":46}},"21":{"start":{"line":39,"column":27},"end":{"line":39,"column":54}},"22":{"start":{"line":40,"column":26},"end":{"line":40,"column":48}}},"fnMap":{"0":{"name":"(anonymous_0)","decl":{"start":{"line":8,"column":17},"end":{"line":8,"column":18}},"loc":{"start":{"line":8,"column":34},"end":{"line":42,"column":1}},"line":8},"1":{"name":"(anonymous_1)","decl":{"start":{"line":9,"column":39},"end":{"line":9,"column":40}},"loc":{"start":{"line":9,"column":53},"end":{"line":24,"column":5}},"line":9},"2":{"name":"(anonymous_2)","decl":{"start":{"line":16,"column":18},"end":{"line":16,"column":19}},"loc":{"start":{"line":16,"column":29},"end":{"line":16,"column":43}},"line":16},"3":{"name":"(anonymous_3)","decl":{"start":{"line":17,"column":18},"end":{"line":17,"column":19}},"loc":{"start":{"line":17,"column":29},"end":{"line":17,"column":52}},"line":17},"4":{"name":"(anonymous_4)","decl":{"start":{"line":22,"column":18},"end":{"line":22,"column":19}},"loc":{"start":{"line":22,"column":27},"end":{"line":22,"column":54}},"line":22},"5":{"name":"(anonymous_5)","decl":{"start":{"line":23,"column":19},"end":{"line":23,"column":20}},"loc":{"start":{"line":23,"column":26},"end":{"line":23,"column":48}},"line":23},"6":{"name":"(anonymous_6)","decl":{"start":{"line":26,"column":37},"end":{"line":26,"column":38}},"loc":{"start":{"line":26,"column":51},"end":{"line":41,"column":5}},"line":26},"7":{"name":"(anonymous_7)","decl":{"start":{"line":28,"column":18},"end":{"line":28,"column":19}},"loc":{"start":{"line":29,"column":16},"end":{"line":31,"column":88}},"line":29},"8":{"name":"(anonymous_8)","decl":{"start":{"line":33,"column":18},"end":{"line":33,"column":19}},"loc":{"start":{"line":33,"column":26},"end":{"line":37,"column":13}},"line":33},"9":{"name":"(anonymous_9)","decl":{"start":{"line":38,"column":18},"end":{"line":38,"column":19}},"loc":{"start":{"line":38,"column":26},"end":{"line":38,"column":46}},"line":38},"10":{"name":"(anonymous_10)","decl":{"start":{"line":39,"column":18},"end":{"line":39,"column":19}},"loc":{"start":{"line":39,"column":27},"end":{"line":39,"column":54}},"line":39},"11":{"name":"(anonymous_11)","decl":{"start":{"line":40,"column":19},"end":{"line":40,"column":20}},"loc":{"start":{"line":40,"column":26},"end":{"line":40,"column":48}},"line":40}},"branchMap":{"0":{"loc":{"start":{"line":29,"column":16},"end":{"line":31,"column":88}},"type":"cond-expr","locations":[{"start":{"line":30,"column":22},"end":{"line":30,"column":65}},{"start":{"line":31,"column":22},"end":{"line":31,"column":88}}],"line":29}},"s":{"0":2,"1":2,"2":2,"3":2,"4":2,"5":2,"6":0,"7":0,"8":0,"9":0,"10":0,"11":0,"12":0,"13":0,"14":2,"15":0,"16":0,"17":0,"18":0,"19":0,"20":0,"21":0,"22":0},"f":{"0":2,"1":0,"2":0,"3":0,"4":0,"5":0,"6":0,"7":0,"8":0,"9":0,"10":0,"11":0},"b":{"0":[0,0]},"_coverageSchema":"332fd63041d2c1bcb487cc26dd0d5f7d97098a6c","hash":"885dd27d9f38751d29b064517c869119d81917af"}
}
