TN:
SF:/home/montgomeryrd/codefellows/lab-richard/16-basic-auth/lab-richard/lib/basic-auth-middleware.js
FN:5,(anonymous_0)
FNF:1
FNH:1
FNDA:14,(anonymous_0)
DA:3,2
DA:5,2
DA:6,14
DA:7,14
DA:8,2
DA:10,12
DA:11,12
DA:12,2
DA:14,10
DA:15,10
DA:17,10
DA:18,2
DA:19,8
DA:20,2
DA:22,6
LF:15
LH:15
BRDA:7,0,0,2
BRDA:7,0,1,12
BRDA:11,1,0,2
BRDA:11,1,1,10
BRDA:17,2,0,2
BRDA:17,2,1,8
BRDA:19,3,0,2
BRDA:19,3,1,6
BRF:8
BRH:8
end_of_record
TN:
SF:/home/montgomeryrd/codefellows/lab-richard/16-basic-auth/lab-richard/lib/error-handler.js
FN:3,(anonymous_0)
FNF:1
FNH:1
FNDA:12,(anonymous_0)
DA:3,2
DA:4,12
DA:6,12
DA:7,0
DA:8,12
DA:9,0
DA:10,0
DA:11,0
DA:12,0
LF:9
LH:4
BRDA:6,0,0,0
BRDA:6,0,1,12
BRDA:6,0,2,0
BRDA:6,0,3,0
BRDA:6,0,4,0
BRDA:6,0,5,0
BRF:6
BRH:1
end_of_record
TN:
SF:/home/montgomeryrd/codefellows/lab-richard/16-basic-auth/lab-richard/lib/server.js
FN:20,(anonymous_0)
FN:24,(anonymous_1)
FN:25,(anonymous_2)
FN:27,(anonymous_3)
FN:36,(anonymous_4)
FN:37,(anonymous_5)
FN:39,(anonymous_6)
FNF:7
FNH:6
FNDA:0,(anonymous_0)
FNDA:2,(anonymous_1)
FNDA:2,(anonymous_2)
FNDA:2,(anonymous_3)
FNDA:2,(anonymous_4)
FNDA:2,(anonymous_5)
FNDA:2,(anonymous_6)
DA:4,2
DA:5,2
DA:6,2
DA:7,2
DA:8,2
DA:11,2
DA:12,2
DA:13,2
DA:14,2
DA:17,2
DA:18,2
DA:19,2
DA:20,2
DA:23,2
DA:24,2
DA:25,2
DA:26,2
DA:27,2
DA:28,2
DA:29,2
DA:30,2
DA:31,2
DA:36,2
DA:37,2
DA:38,2
DA:39,2
DA:40,2
DA:41,2
DA:42,2
LF:29
LH:29
BRDA:26,0,0,0
BRDA:26,0,1,2
BRDA:38,1,0,0
BRDA:38,1,1,2
BRF:4
BRH:2
end_of_record
TN:
SF:/home/montgomeryrd/codefellows/lab-richard/16-basic-auth/lab-richard/model/auth.js
FN:15,(anonymous_0)
FN:19,(anonymous_1)
FN:20,(anonymous_2)
FN:21,(anonymous_3)
FN:24,(anonymous_4)
FN:25,(anonymous_5)
FN:26,(anonymous_6)
FN:34,(anonymous_7)
FN:37,(anonymous_8)
FN:38,(anonymous_9)
FN:41,(anonymous_10)
FN:43,(anonymous_11)
FN:46,(anonymous_12)
FNF:13
FNH:10
FNDA:2,(anonymous_0)
FNDA:2,(anonymous_1)
FNDA:2,(anonymous_2)
FNDA:0,(anonymous_3)
FNDA:4,(anonymous_4)
FNDA:4,(anonymous_5)
FNDA:4,(anonymous_6)
FNDA:4,(anonymous_7)
FNDA:4,(anonymous_8)
FNDA:0,(anonymous_9)
FNDA:4,(anonymous_10)
FNDA:4,(anonymous_11)
FNDA:0,(anonymous_12)
DA:3,2
DA:4,2
DA:5,2
DA:6,2
DA:8,2
DA:15,2
DA:16,2
DA:18,2
DA:19,2
DA:20,2
DA:21,0
DA:24,2
DA:25,4
DA:26,4
DA:27,4
DA:28,4
DA:29,2
DA:34,2
DA:35,4
DA:36,4
DA:37,4
DA:38,0
DA:41,2
DA:42,4
DA:44,4
DA:46,0
DA:49,2
LF:27
LH:24
BRDA:16,0,0,0
BRDA:16,0,1,2
BRDA:27,1,0,0
BRDA:27,1,1,4
BRDA:28,2,0,2
BRDA:28,2,1,2
BRF:6
BRH:4
end_of_record
TN:
SF:/home/montgomeryrd/codefellows/lab-richard/16-basic-auth/lab-richard/route/route-auth.js
FN:8,(anonymous_0)
FN:9,(anonymous_1)
FN:16,(anonymous_2)
FN:17,(anonymous_3)
FN:22,(anonymous_4)
FN:23,(anonymous_5)
FN:26,(anonymous_6)
FN:28,(anonymous_7)
FN:33,(anonymous_8)
FN:38,(anonymous_9)
FN:39,(anonymous_10)
FN:40,(anonymous_11)
FNF:12
FNH:7
FNDA:2,(anonymous_0)
FNDA:0,(anonymous_1)
FNDA:0,(anonymous_2)
FNDA:0,(anonymous_3)
FNDA:0,(anonymous_4)
FNDA:0,(anonymous_5)
FNDA:6,(anonymous_6)
FNDA:6,(anonymous_7)
FNDA:2,(anonymous_8)
FNDA:2,(anonymous_9)
FNDA:2,(anonymous_10)
FNDA:4,(anonymous_11)
DA:3,2
DA:4,2
DA:5,2
DA:6,2
DA:8,2
DA:9,2
DA:10,0
DA:11,0
DA:13,0
DA:15,0
DA:16,0
DA:17,0
DA:22,0
DA:23,0
DA:26,2
DA:27,6
DA:29,6
DA:34,2
DA:35,2
DA:36,2
DA:38,2
DA:39,2
DA:40,4
LF:23
LH:15
BRDA:29,0,0,4
BRDA:29,0,1,2
BRF:2
BRH:2
end_of_record
